#
# There is insufficient memory for the Java Runtime Environment to continue.
# Native memory allocation (malloc) failed to allocate 992976 bytes for Chunk::new
# Possible reasons:
#   The system is out of physical RAM or swap space
#   The process is running with CompressedOops enabled, and the Java Heap may be blocking the growth of the native heap
# Possible solutions:
#   Reduce memory load on the system
#   Increase physical memory or swap space
#   Check if swap backing store is full
#   Decrease Java heap size (-Xmx/-Xms)
#   Decrease number of Java threads
#   Decrease Java thread stack sizes (-Xss)
#   Set larger code cache with -XX:ReservedCodeCacheSize=
#   JVM is running with Unscaled Compressed Oops mode in which the Java heap is
#     placed in the first 4GB address space. The Java Heap base address is the
#     maximum limit for the native heap growth. Please use -XX:HeapBaseMinAddress
#     to set the Java Heap base and to place the Java Heap above 4GB virtual address.
# This output file may be truncated or incomplete.
#
#  Out of Memory Error (arena.cpp:189), pid=21312, tid=26620
#
# JRE version: OpenJDK Runtime Environment (17.0+35) (build 17+35-2724)
# Java VM: OpenJDK 64-Bit Server VM (17+35-2724, mixed mode, sharing, tiered, compressed oops, compressed class ptrs, g1 gc, windows-amd64)
# No core dump will be written. Minidumps are not enabled by default on client versions of Windows
#

---------------  S U M M A R Y ------------

Command Line: -agentlib:jdwp=transport=dt_socket,address=127.0.0.1:50724,suspend=y,server=n -Dmaven.multiModuleProjectDirectory=C:\Users\bilal.a\Documents\jenkins\jenkinsutility -Djansi.passthrough=true -Dmaven.home=C:\Program Files\JetBrains\IntelliJ IDEA Community Edition 2023.3.5\plugins\maven\lib\maven3 -Dclassworlds.conf=C:\Program Files\JetBrains\IntelliJ IDEA Community Edition 2023.3.5\plugins\maven\lib\maven3\bin\m2.conf -Dmaven.ext.class.path=C:\Program Files\JetBrains\IntelliJ IDEA Community Edition 2023.3.5\plugins\maven\lib\maven-event-listener.jar -javaagent:C:\Users\bilal.a\AppData\Local\JetBrains\IdeaIC2023.3\captureAgent\debugger-agent.jar -Dfile.encoding=UTF-8 org.codehaus.classworlds.Launcher -Didea.version=2023.3.5 hpi:run

Host: 12th Gen Intel(R) Core(TM) i5-1235U, 12 cores, 7G,  Windows 10 , 64 bit Build 22621 (10.0.22621.4391)
Time: Tue Nov 26 17:01:09 2024 India Standard Time elapsed time: 13.061346 seconds (0d 0h 0m 13s)

---------------  T H R E A D  ---------------

Current thread (0x0000022e79930510):  JavaThread "C2 CompilerThread0" daemon [_thread_in_native, id=26620, stack(0x00000075ab500000,0x00000075ab600000)]


Current CompileTask:
C2:  13062 1744   !   4       java.lang.reflect.Executable::declaredAnnotations (85 bytes)

Stack: [0x00000075ab500000,0x00000075ab600000]
Native frames: (J=compiled Java code, j=interpreted, Vv=VM code, C=native code)
V  [jvm.dll+0x66f8ea]
V  [jvm.dll+0x7ce224]
V  [jvm.dll+0x7cf9ce]
V  [jvm.dll+0x7d0033]
V  [jvm.dll+0x242bb5]
V  [jvm.dll+0xaa05b]
V  [jvm.dll+0xaa5ec]
V  [jvm.dll+0x35f9a2]
V  [jvm.dll+0x329f61]
V  [jvm.dll+0x32940a]
V  [jvm.dll+0x215ca1]
V  [jvm.dll+0x2150c1]
V  [jvm.dll+0x1a168d]
V  [jvm.dll+0x2248f8]
V  [jvm.dll+0x222a5c]
V  [jvm.dll+0x78422b]
V  [jvm.dll+0x77e7ea]
V  [jvm.dll+0x66e715]
C  [ucrtbase.dll+0x29333]
C  [KERNEL32.DLL+0x1259d]
C  [ntdll.dll+0x5af38]


---------------  P R O C E S S  ---------------

Threads class SMR info:
_java_thread_list=0x0000022e7a5a68c0, length=15, elements={
0x0000022e6a68add0, 0x0000022e799074d0, 0x0000022e7990a250, 0x0000022e7991cf80,
0x0000022e7991fc50, 0x0000022e79922030, 0x0000022e79923400, 0x0000022e79930510,
0x0000022e79933430, 0x0000022e79934140, 0x0000022e798ed4d0, 0x0000022e7a5037e0,
0x0000022e7a51fea0, 0x0000022e7a5fe650, 0x0000022e7a602000
}

Java Threads: ( => current thread )
  0x0000022e6a68add0 JavaThread "main" [_thread_in_vm, id=19028, stack(0x00000075aa800000,0x00000075aa900000)]
  0x0000022e799074d0 JavaThread "Reference Handler" daemon [_thread_blocked, id=27232, stack(0x00000075aaf00000,0x00000075ab000000)]
  0x0000022e7990a250 JavaThread "Finalizer" daemon [_thread_blocked, id=22216, stack(0x00000075ab000000,0x00000075ab100000)]
  0x0000022e7991cf80 JavaThread "Signal Dispatcher" daemon [_thread_blocked, id=1000, stack(0x00000075ab100000,0x00000075ab200000)]
  0x0000022e7991fc50 JavaThread "Attach Listener" daemon [_thread_blocked, id=15996, stack(0x00000075ab200000,0x00000075ab300000)]
  0x0000022e79922030 JavaThread "Service Thread" daemon [_thread_blocked, id=24548, stack(0x00000075ab300000,0x00000075ab400000)]
  0x0000022e79923400 JavaThread "Monitor Deflation Thread" daemon [_thread_blocked, id=30660, stack(0x00000075ab400000,0x00000075ab500000)]
=>0x0000022e79930510 JavaThread "C2 CompilerThread0" daemon [_thread_in_native, id=26620, stack(0x00000075ab500000,0x00000075ab600000)]
  0x0000022e79933430 JavaThread "C1 CompilerThread0" daemon [_thread_blocked, id=24768, stack(0x00000075ab600000,0x00000075ab700000)]
  0x0000022e79934140 JavaThread "Sweeper thread" daemon [_thread_blocked, id=30028, stack(0x00000075ab700000,0x00000075ab800000)]
  0x0000022e798ed4d0 JavaThread "Common-Cleaner" daemon [_thread_blocked, id=26872, stack(0x00000075ab800000,0x00000075ab900000)]
  0x0000022e7a5037e0 JavaThread "JDWP Transport Listener: dt_socket" daemon [_thread_blocked, id=1236, stack(0x00000075ab900000,0x00000075aba00000)]
  0x0000022e7a51fea0 JavaThread "JDWP Event Helper Thread" daemon [_thread_blocked, id=1680, stack(0x00000075aba00000,0x00000075abb00000)]
  0x0000022e7a5fe650 JavaThread "JDWP Command Reader" daemon [_thread_in_native, id=26952, stack(0x00000075abb00000,0x00000075abc00000)]
  0x0000022e7a602000 JavaThread "Notification Thread" daemon [_thread_blocked, id=15116, stack(0x00000075abc00000,0x00000075abd00000)]

Other Threads:
  0x0000022e799034e0 VMThread "VM Thread" [stack: 0x00000075aae00000,0x00000075aaf00000] [id=25252]
  0x0000022e7a6028e0 WatcherThread [stack: 0x00000075abd00000,0x00000075abe00000] [id=6876]
  0x0000022e6852b800 GCTaskThread "GC Thread#0" [stack: 0x00000075aa900000,0x00000075aaa00000] [id=13748]
  0x0000022e7ad8b840 GCTaskThread "GC Thread#1" [stack: 0x00000075abe00000,0x00000075abf00000] [id=29140]
  0x0000022e7ade3d50 GCTaskThread "GC Thread#2" [stack: 0x00000075abf00000,0x00000075ac000000] [id=5792]
  0x0000022e7ade4000 GCTaskThread "GC Thread#3" [stack: 0x00000075ac000000,0x00000075ac100000] [id=25720]
  0x0000022e7ade42b0 GCTaskThread "GC Thread#4" [stack: 0x00000075ac100000,0x00000075ac200000] [id=19576]
  0x0000022e7ade4560 GCTaskThread "GC Thread#5" [stack: 0x00000075ac200000,0x00000075ac300000] [id=22632]
  0x0000022e7ade7440 GCTaskThread "GC Thread#6" [stack: 0x00000075ac300000,0x00000075ac400000] [id=3720]
  0x0000022e7ade76f0 GCTaskThread "GC Thread#7" [stack: 0x00000075ac400000,0x00000075ac500000] [id=12164]
  0x0000022e7ade79a0 GCTaskThread "GC Thread#8" [stack: 0x00000075ac500000,0x00000075ac600000] [id=12484]
  0x0000022e7ade7c50 GCTaskThread "GC Thread#9" [stack: 0x00000075ac600000,0x00000075ac700000] [id=6732]
  0x0000022e6a6d8770 ConcurrentGCThread "G1 Main Marker" [stack: 0x00000075aaa00000,0x00000075aab00000] [id=25956]
  0x0000022e6852ddf0 ConcurrentGCThread "G1 Conc#0" [stack: 0x00000075aab00000,0x00000075aac00000] [id=29936]
  0x0000022e797b0090 ConcurrentGCThread "G1 Refine#0" [stack: 0x00000075aac00000,0x00000075aad00000] [id=10640]
  0x0000022e797b19d0 ConcurrentGCThread "G1 Service" [stack: 0x00000075aad00000,0x00000075aae00000] [id=11532]

Threads with active compile tasks:
C2 CompilerThread0    13169 1744   !   4       java.lang.reflect.Executable::declaredAnnotations (85 bytes)

VM state: not at safepoint (normal execution)

VM Mutex/Monitor currently owned by a thread:  ([mutex/lock_event])
[0x0000022e6a685f10] CompiledIC_lock - owner thread: 0x0000000000000000

Heap address: 0x0000000085000000, size: 1968 MB, Compressed Oops mode: 32-bit

CDS archive(s) mapped at: [0x0000000800000000-0x0000000800bc0000-0x0000000800bc0000), size 12320768, SharedBaseAddress: 0x0000000800000000, ArchiveRelocationMode: 0.
Compressed class space mapped at: 0x0000000800c00000-0x0000000840c00000, reserved size: 1073741824
Narrow klass base: 0x0000000800000000, Narrow klass shift: 0, Narrow klass range: 0x100000000

GC Precious Log:
 CPUs: 12 total, 12 available
 Memory: 7867M
 Large Page Support: Disabled
 NUMA Support: Disabled
 Compressed Oops: Enabled (32-bit)
 Heap Region Size: 1M
 Heap Min Capacity: 8M
 Heap Initial Capacity: 124M
 Heap Max Capacity: 1968M
 Pre-touch: Disabled
 Parallel Workers: 10
 Concurrent Workers: 3
 Concurrent Refinement Workers: 10
 Periodic GC: Disabled

Heap:
 garbage-first heap   total 126976K, used 19191K [0x0000000085000000, 0x0000000100000000)
  region size 1024K, 17 young (17408K), 2 survivors (2048K)
 Metaspace       used 10118K, committed 10240K, reserved 1064960K
  class space    used 1218K, committed 1280K, reserved 1048576K

Heap Regions: E=young(eden), S=young(survivor), O=old, HS=humongous(starts), HC=humongous(continues), CS=collection set, F=free, OA=open archive, CA=closed archive, TAMS=top-at-mark-start (previous, next)
|   0|0x0000000085000000, 0x0000000085100000, 0x0000000085100000|100%| O|  |TAMS 0x0000000085000000, 0x0000000085000000| Untracked 
|   1|0x0000000085100000, 0x0000000085200000, 0x0000000085200000|100%| O|  |TAMS 0x0000000085100000, 0x0000000085100000| Untracked 
|   2|0x0000000085200000, 0x0000000085300000, 0x0000000085300000|100%| O|  |TAMS 0x0000000085200000, 0x0000000085200000| Untracked 
|   3|0x0000000085300000, 0x0000000085381800, 0x0000000085400000| 50%| O|  |TAMS 0x0000000085300000, 0x0000000085300000| Untracked 
|   4|0x0000000085400000, 0x0000000085400000, 0x0000000085500000|  0%| F|  |TAMS 0x0000000085400000, 0x0000000085400000| Untracked 
|   5|0x0000000085500000, 0x0000000085500000, 0x0000000085600000|  0%| F|  |TAMS 0x0000000085500000, 0x0000000085500000| Untracked 
|   6|0x0000000085600000, 0x0000000085600000, 0x0000000085700000|  0%| F|  |TAMS 0x0000000085600000, 0x0000000085600000| Untracked 
|   7|0x0000000085700000, 0x0000000085700000, 0x0000000085800000|  0%| F|  |TAMS 0x0000000085700000, 0x0000000085700000| Untracked 
|   8|0x0000000085800000, 0x0000000085800000, 0x0000000085900000|  0%| F|  |TAMS 0x0000000085800000, 0x0000000085800000| Untracked 
|   9|0x0000000085900000, 0x0000000085900000, 0x0000000085a00000|  0%| F|  |TAMS 0x0000000085900000, 0x0000000085900000| Untracked 
|  10|0x0000000085a00000, 0x0000000085a00000, 0x0000000085b00000|  0%| F|  |TAMS 0x0000000085a00000, 0x0000000085a00000| Untracked 
|  11|0x0000000085b00000, 0x0000000085b00000, 0x0000000085c00000|  0%| F|  |TAMS 0x0000000085b00000, 0x0000000085b00000| Untracked 
|  12|0x0000000085c00000, 0x0000000085c00000, 0x0000000085d00000|  0%| F|  |TAMS 0x0000000085c00000, 0x0000000085c00000| Untracked 
|  13|0x0000000085d00000, 0x0000000085d00000, 0x0000000085e00000|  0%| F|  |TAMS 0x0000000085d00000, 0x0000000085d00000| Untracked 
|  14|0x0000000085e00000, 0x0000000085e00000, 0x0000000085f00000|  0%| F|  |TAMS 0x0000000085e00000, 0x0000000085e00000| Untracked 
|  15|0x0000000085f00000, 0x0000000085f00000, 0x0000000086000000|  0%| F|  |TAMS 0x0000000085f00000, 0x0000000085f00000| Untracked 
|  16|0x0000000086000000, 0x0000000086000000, 0x0000000086100000|  0%| F|  |TAMS 0x0000000086000000, 0x0000000086000000| Untracked 
|  17|0x0000000086100000, 0x0000000086100000, 0x0000000086200000|  0%| F|  |TAMS 0x0000000086100000, 0x0000000086100000| Untracked 
|  18|0x0000000086200000, 0x0000000086200000, 0x0000000086300000|  0%| F|  |TAMS 0x0000000086200000, 0x0000000086200000| Untracked 
|  19|0x0000000086300000, 0x0000000086300000, 0x0000000086400000|  0%| F|  |TAMS 0x0000000086300000, 0x0000000086300000| Untracked 
|  20|0x0000000086400000, 0x0000000086400000, 0x0000000086500000|  0%| F|  |TAMS 0x0000000086400000, 0x0000000086400000| Untracked 
|  21|0x0000000086500000, 0x0000000086500000, 0x0000000086600000|  0%| F|  |TAMS 0x0000000086500000, 0x0000000086500000| Untracked 
|  22|0x0000000086600000, 0x0000000086600000, 0x0000000086700000|  0%| F|  |TAMS 0x0000000086600000, 0x0000000086600000| Untracked 
|  23|0x0000000086700000, 0x0000000086700000, 0x0000000086800000|  0%| F|  |TAMS 0x0000000086700000, 0x0000000086700000| Untracked 
|  24|0x0000000086800000, 0x0000000086800000, 0x0000000086900000|  0%| F|  |TAMS 0x0000000086800000, 0x0000000086800000| Untracked 
|  25|0x0000000086900000, 0x0000000086900000, 0x0000000086a00000|  0%| F|  |TAMS 0x0000000086900000, 0x0000000086900000| Untracked 
|  26|0x0000000086a00000, 0x0000000086a00000, 0x0000000086b00000|  0%| F|  |TAMS 0x0000000086a00000, 0x0000000086a00000| Untracked 
|  27|0x0000000086b00000, 0x0000000086b00000, 0x0000000086c00000|  0%| F|  |TAMS 0x0000000086b00000, 0x0000000086b00000| Untracked 
|  28|0x0000000086c00000, 0x0000000086c00000, 0x0000000086d00000|  0%| F|  |TAMS 0x0000000086c00000, 0x0000000086c00000| Untracked 
|  29|0x0000000086d00000, 0x0000000086d00000, 0x0000000086e00000|  0%| F|  |TAMS 0x0000000086d00000, 0x0000000086d00000| Untracked 
|  30|0x0000000086e00000, 0x0000000086e00000, 0x0000000086f00000|  0%| F|  |TAMS 0x0000000086e00000, 0x0000000086e00000| Untracked 
|  31|0x0000000086f00000, 0x0000000086f00000, 0x0000000087000000|  0%| F|  |TAMS 0x0000000086f00000, 0x0000000086f00000| Untracked 
|  32|0x0000000087000000, 0x0000000087000000, 0x0000000087100000|  0%| F|  |TAMS 0x0000000087000000, 0x0000000087000000| Untracked 
|  33|0x0000000087100000, 0x0000000087100000, 0x0000000087200000|  0%| F|  |TAMS 0x0000000087100000, 0x0000000087100000| Untracked 
|  34|0x0000000087200000, 0x0000000087200000, 0x0000000087300000|  0%| F|  |TAMS 0x0000000087200000, 0x0000000087200000| Untracked 
|  35|0x0000000087300000, 0x0000000087300000, 0x0000000087400000|  0%| F|  |TAMS 0x0000000087300000, 0x0000000087300000| Untracked 
|  36|0x0000000087400000, 0x0000000087400000, 0x0000000087500000|  0%| F|  |TAMS 0x0000000087400000, 0x0000000087400000| Untracked 
|  37|0x0000000087500000, 0x0000000087500000, 0x0000000087600000|  0%| F|  |TAMS 0x0000000087500000, 0x0000000087500000| Untracked 
|  38|0x0000000087600000, 0x0000000087600000, 0x0000000087700000|  0%| F|  |TAMS 0x0000000087600000, 0x0000000087600000| Untracked 
|  39|0x0000000087700000, 0x0000000087700000, 0x0000000087800000|  0%| F|  |TAMS 0x0000000087700000, 0x0000000087700000| Untracked 
|  40|0x0000000087800000, 0x0000000087800000, 0x0000000087900000|  0%| F|  |TAMS 0x0000000087800000, 0x0000000087800000| Untracked 
|  41|0x0000000087900000, 0x0000000087900000, 0x0000000087a00000|  0%| F|  |TAMS 0x0000000087900000, 0x0000000087900000| Untracked 
|  42|0x0000000087a00000, 0x0000000087a00000, 0x0000000087b00000|  0%| F|  |TAMS 0x0000000087a00000, 0x0000000087a00000| Untracked 
|  43|0x0000000087b00000, 0x0000000087b00000, 0x0000000087c00000|  0%| F|  |TAMS 0x0000000087b00000, 0x0000000087b00000| Untracked 
|  44|0x0000000087c00000, 0x0000000087c00000, 0x0000000087d00000|  0%| F|  |TAMS 0x0000000087c00000, 0x0000000087c00000| Untracked 
|  45|0x0000000087d00000, 0x0000000087d00000, 0x0000000087e00000|  0%| F|  |TAMS 0x0000000087d00000, 0x0000000087d00000| Untracked 
|  46|0x0000000087e00000, 0x0000000087e00000, 0x0000000087f00000|  0%| F|  |TAMS 0x0000000087e00000, 0x0000000087e00000| Untracked 
|  47|0x0000000087f00000, 0x0000000087f00000, 0x0000000088000000|  0%| F|  |TAMS 0x0000000087f00000, 0x0000000087f00000| Untracked 
|  48|0x0000000088000000, 0x0000000088000000, 0x0000000088100000|  0%| F|  |TAMS 0x0000000088000000, 0x0000000088000000| Untracked 
|  49|0x0000000088100000, 0x0000000088100000, 0x0000000088200000|  0%| F|  |TAMS 0x0000000088100000, 0x0000000088100000| Untracked 
|  50|0x0000000088200000, 0x0000000088200000, 0x0000000088300000|  0%| F|  |TAMS 0x0000000088200000, 0x0000000088200000| Untracked 
|  51|0x0000000088300000, 0x0000000088300000, 0x0000000088400000|  0%| F|  |TAMS 0x0000000088300000, 0x0000000088300000| Untracked 
|  52|0x0000000088400000, 0x0000000088400000, 0x0000000088500000|  0%| F|  |TAMS 0x0000000088400000, 0x0000000088400000| Untracked 
|  53|0x0000000088500000, 0x0000000088500000, 0x0000000088600000|  0%| F|  |TAMS 0x0000000088500000, 0x0000000088500000| Untracked 
|  54|0x0000000088600000, 0x0000000088600000, 0x0000000088700000|  0%| F|  |TAMS 0x0000000088600000, 0x0000000088600000| Untracked 
|  55|0x0000000088700000, 0x0000000088700000, 0x0000000088800000|  0%| F|  |TAMS 0x0000000088700000, 0x0000000088700000| Untracked 
|  56|0x0000000088800000, 0x0000000088800000, 0x0000000088900000|  0%| F|  |TAMS 0x0000000088800000, 0x0000000088800000| Untracked 
|  57|0x0000000088900000, 0x0000000088900000, 0x0000000088a00000|  0%| F|  |TAMS 0x0000000088900000, 0x0000000088900000| Untracked 
|  58|0x0000000088a00000, 0x0000000088a00000, 0x0000000088b00000|  0%| F|  |TAMS 0x0000000088a00000, 0x0000000088a00000| Untracked 
|  59|0x0000000088b00000, 0x0000000088b00000, 0x0000000088c00000|  0%| F|  |TAMS 0x0000000088b00000, 0x0000000088b00000| Untracked 
|  60|0x0000000088c00000, 0x0000000088c00000, 0x0000000088d00000|  0%| F|  |TAMS 0x0000000088c00000, 0x0000000088c00000| Untracked 
|  61|0x0000000088d00000, 0x0000000088d00000, 0x0000000088e00000|  0%| F|  |TAMS 0x0000000088d00000, 0x0000000088d00000| Untracked 
|  62|0x0000000088e00000, 0x0000000088e00000, 0x0000000088f00000|  0%| F|  |TAMS 0x0000000088e00000, 0x0000000088e00000| Untracked 
|  63|0x0000000088f00000, 0x0000000088f00000, 0x0000000089000000|  0%| F|  |TAMS 0x0000000088f00000, 0x0000000088f00000| Untracked 
|  64|0x0000000089000000, 0x0000000089000000, 0x0000000089100000|  0%| F|  |TAMS 0x0000000089000000, 0x0000000089000000| Untracked 
|  65|0x0000000089100000, 0x0000000089100000, 0x0000000089200000|  0%| F|  |TAMS 0x0000000089100000, 0x0000000089100000| Untracked 
|  66|0x0000000089200000, 0x0000000089200000, 0x0000000089300000|  0%| F|  |TAMS 0x0000000089200000, 0x0000000089200000| Untracked 
|  67|0x0000000089300000, 0x0000000089300000, 0x0000000089400000|  0%| F|  |TAMS 0x0000000089300000, 0x0000000089300000| Untracked 
|  68|0x0000000089400000, 0x0000000089400000, 0x0000000089500000|  0%| F|  |TAMS 0x0000000089400000, 0x0000000089400000| Untracked 
|  69|0x0000000089500000, 0x0000000089500000, 0x0000000089600000|  0%| F|  |TAMS 0x0000000089500000, 0x0000000089500000| Untracked 
|  70|0x0000000089600000, 0x0000000089600000, 0x0000000089700000|  0%| F|  |TAMS 0x0000000089600000, 0x0000000089600000| Untracked 
|  71|0x0000000089700000, 0x0000000089700000, 0x0000000089800000|  0%| F|  |TAMS 0x0000000089700000, 0x0000000089700000| Untracked 
|  72|0x0000000089800000, 0x0000000089800000, 0x0000000089900000|  0%| F|  |TAMS 0x0000000089800000, 0x0000000089800000| Untracked 
|  73|0x0000000089900000, 0x0000000089900000, 0x0000000089a00000|  0%| F|  |TAMS 0x0000000089900000, 0x0000000089900000| Untracked 
|  74|0x0000000089a00000, 0x0000000089a00000, 0x0000000089b00000|  0%| F|  |TAMS 0x0000000089a00000, 0x0000000089a00000| Untracked 
|  75|0x0000000089b00000, 0x0000000089b00000, 0x0000000089c00000|  0%| F|  |TAMS 0x0000000089b00000, 0x0000000089b00000| Untracked 
|  76|0x0000000089c00000, 0x0000000089c00000, 0x0000000089d00000|  0%| F|  |TAMS 0x0000000089c00000, 0x0000000089c00000| Untracked 
|  77|0x0000000089d00000, 0x0000000089d00000, 0x0000000089e00000|  0%| F|  |TAMS 0x0000000089d00000, 0x0000000089d00000| Untracked 
|  78|0x0000000089e00000, 0x0000000089e00000, 0x0000000089f00000|  0%| F|  |TAMS 0x0000000089e00000, 0x0000000089e00000| Untracked 
|  79|0x0000000089f00000, 0x0000000089f00000, 0x000000008a000000|  0%| F|  |TAMS 0x0000000089f00000, 0x0000000089f00000| Untracked 
|  80|0x000000008a000000, 0x000000008a000000, 0x000000008a100000|  0%| F|  |TAMS 0x000000008a000000, 0x000000008a000000| Untracked 
|  81|0x000000008a100000, 0x000000008a100000, 0x000000008a200000|  0%| F|  |TAMS 0x000000008a100000, 0x000000008a100000| Untracked 
|  82|0x000000008a200000, 0x000000008a200000, 0x000000008a300000|  0%| F|  |TAMS 0x000000008a200000, 0x000000008a200000| Untracked 
|  83|0x000000008a300000, 0x000000008a300000, 0x000000008a400000|  0%| F|  |TAMS 0x000000008a300000, 0x000000008a300000| Untracked 
|  84|0x000000008a400000, 0x000000008a400000, 0x000000008a500000|  0%| F|  |TAMS 0x000000008a400000, 0x000000008a400000| Untracked 
|  85|0x000000008a500000, 0x000000008a500000, 0x000000008a600000|  0%| F|  |TAMS 0x000000008a500000, 0x000000008a500000| Untracked 
|  86|0x000000008a600000, 0x000000008a600000, 0x000000008a700000|  0%| F|  |TAMS 0x000000008a600000, 0x000000008a600000| Untracked 
|  87|0x000000008a700000, 0x000000008a700000, 0x000000008a800000|  0%| F|  |TAMS 0x000000008a700000, 0x000000008a700000| Untracked 
|  88|0x000000008a800000, 0x000000008a800000, 0x000000008a900000|  0%| F|  |TAMS 0x000000008a800000, 0x000000008a800000| Untracked 
|  89|0x000000008a900000, 0x000000008a900000, 0x000000008aa00000|  0%| F|  |TAMS 0x000000008a900000, 0x000000008a900000| Untracked 
|  90|0x000000008aa00000, 0x000000008aa3c408, 0x000000008ab00000| 23%| S|CS|TAMS 0x000000008aa00000, 0x000000008aa00000| Complete 
|  91|0x000000008ab00000, 0x000000008ac00000, 0x000000008ac00000|100%| S|CS|TAMS 0x000000008ab00000, 0x000000008ab00000| Complete 
|  92|0x000000008ac00000, 0x000000008ac00000, 0x000000008ad00000|  0%| F|  |TAMS 0x000000008ac00000, 0x000000008ac00000| Untracked 
|  93|0x000000008ad00000, 0x000000008ad00000, 0x000000008ae00000|  0%| F|  |TAMS 0x000000008ad00000, 0x000000008ad00000| Untracked 
|  94|0x000000008ae00000, 0x000000008ae00000, 0x000000008af00000|  0%| F|  |TAMS 0x000000008ae00000, 0x000000008ae00000| Untracked 
|  95|0x000000008af00000, 0x000000008af00000, 0x000000008b000000|  0%| F|  |TAMS 0x000000008af00000, 0x000000008af00000| Untracked 
|  96|0x000000008b000000, 0x000000008b000000, 0x000000008b100000|  0%| F|  |TAMS 0x000000008b000000, 0x000000008b000000| Untracked 
|  97|0x000000008b100000, 0x000000008b100000, 0x000000008b200000|  0%| F|  |TAMS 0x000000008b100000, 0x000000008b100000| Untracked 
|  98|0x000000008b200000, 0x000000008b200000, 0x000000008b300000|  0%| F|  |TAMS 0x000000008b200000, 0x000000008b200000| Untracked 
|  99|0x000000008b300000, 0x000000008b300000, 0x000000008b400000|  0%| F|  |TAMS 0x000000008b300000, 0x000000008b300000| Untracked 
| 100|0x000000008b400000, 0x000000008b400000, 0x000000008b500000|  0%| F|  |TAMS 0x000000008b400000, 0x000000008b400000| Untracked 
| 101|0x000000008b500000, 0x000000008b500000, 0x000000008b600000|  0%| F|  |TAMS 0x000000008b500000, 0x000000008b500000| Untracked 
| 102|0x000000008b600000, 0x000000008b600000, 0x000000008b700000|  0%| F|  |TAMS 0x000000008b600000, 0x000000008b600000| Untracked 
| 103|0x000000008b700000, 0x000000008b700000, 0x000000008b800000|  0%| F|  |TAMS 0x000000008b700000, 0x000000008b700000| Untracked 
| 104|0x000000008b800000, 0x000000008b800000, 0x000000008b900000|  0%| F|  |TAMS 0x000000008b800000, 0x000000008b800000| Untracked 
| 105|0x000000008b900000, 0x000000008b900000, 0x000000008ba00000|  0%| F|  |TAMS 0x000000008b900000, 0x000000008b900000| Untracked 
| 106|0x000000008ba00000, 0x000000008ba00000, 0x000000008bb00000|  0%| F|  |TAMS 0x000000008ba00000, 0x000000008ba00000| Untracked 
| 107|0x000000008bb00000, 0x000000008bb00000, 0x000000008bc00000|  0%| F|  |TAMS 0x000000008bb00000, 0x000000008bb00000| Untracked 
| 108|0x000000008bc00000, 0x000000008bc00000, 0x000000008bd00000|  0%| F|  |TAMS 0x000000008bc00000, 0x000000008bc00000| Untracked 
| 109|0x000000008bd00000, 0x000000008be00000, 0x000000008be00000|100%| E|  |TAMS 0x000000008bd00000, 0x000000008bd00000| Complete 
| 110|0x000000008be00000, 0x000000008bf00000, 0x000000008bf00000|100%| E|CS|TAMS 0x000000008be00000, 0x000000008be00000| Complete 
| 111|0x000000008bf00000, 0x000000008c000000, 0x000000008c000000|100%| E|CS|TAMS 0x000000008bf00000, 0x000000008bf00000| Complete 
| 112|0x000000008c000000, 0x000000008c100000, 0x000000008c100000|100%| E|CS|TAMS 0x000000008c000000, 0x000000008c000000| Complete 
| 113|0x000000008c100000, 0x000000008c200000, 0x000000008c200000|100%| E|CS|TAMS 0x000000008c100000, 0x000000008c100000| Complete 
| 114|0x000000008c200000, 0x000000008c300000, 0x000000008c300000|100%| E|CS|TAMS 0x000000008c200000, 0x000000008c200000| Complete 
| 115|0x000000008c300000, 0x000000008c400000, 0x000000008c400000|100%| E|CS|TAMS 0x000000008c300000, 0x000000008c300000| Complete 
| 116|0x000000008c400000, 0x000000008c500000, 0x000000008c500000|100%| E|CS|TAMS 0x000000008c400000, 0x000000008c400000| Complete 
| 117|0x000000008c500000, 0x000000008c600000, 0x000000008c600000|100%| E|CS|TAMS 0x000000008c500000, 0x000000008c500000| Complete 
| 118|0x000000008c600000, 0x000000008c700000, 0x000000008c700000|100%| E|CS|TAMS 0x000000008c600000, 0x000000008c600000| Complete 
| 119|0x000000008c700000, 0x000000008c800000, 0x000000008c800000|100%| E|CS|TAMS 0x000000008c700000, 0x000000008c700000| Complete 
| 120|0x000000008c800000, 0x000000008c900000, 0x000000008c900000|100%| E|CS|TAMS 0x000000008c800000, 0x000000008c800000| Complete 
| 121|0x000000008c900000, 0x000000008ca00000, 0x000000008ca00000|100%| E|CS|TAMS 0x000000008c900000, 0x000000008c900000| Complete 
| 122|0x000000008ca00000, 0x000000008cb00000, 0x000000008cb00000|100%| E|CS|TAMS 0x000000008ca00000, 0x000000008ca00000| Complete 
| 123|0x000000008cb00000, 0x000000008cc00000, 0x000000008cc00000|100%| E|CS|TAMS 0x000000008cb00000, 0x000000008cb00000| Complete 

Card table byte_map: [0x0000022e727b0000,0x0000022e72b90000] _byte_map_base: 0x0000022e72388000

Marking Bits (Prev, Next): (CMBitMap*) 0x0000022e6852bd20, (CMBitMap*) 0x0000022e6852bd60
 Prev Bits: [0x0000022e72f70000, 0x0000022e74e30000)
 Next Bits: [0x0000022e74e30000, 0x0000022e76cf0000)

Polling page: 0x0000022e69e50000

Metaspace:

Usage:
  Non-class:      8.72 MB used.
      Class:      1.19 MB used.
       Both:      9.92 MB used.

Virtual space:
  Non-class space:       16.00 MB reserved,       8.81 MB ( 55%) committed,  2 nodes.
      Class space:        1.00 GB reserved,       1.25 MB ( <1%) committed,  1 nodes.
             Both:        1.02 GB reserved,      10.06 MB ( <1%) committed. 

Chunk freelists:
   Non-Class:  1.84 MB
       Class:  2.78 MB
        Both:  4.63 MB

MaxMetaspaceSize: unlimited
CompressedClassSpaceSize: 1.00 GB
Initial GC threshold: 21.00 MB
Current GC threshold: 21.00 MB
CDS: on
MetaspaceReclaimPolicy: balanced
 - commit_granule_bytes: 65536.
 - commit_granule_words: 8192.
 - virtual_space_node_default_size: 1048576.
 - enlarge_chunks_in_place: 1.
 - new_chunks_are_fully_committed: 0.
 - uncommit_free_chunks: 1.
 - use_allocation_guard: 0.
 - handle_deallocations: 1.


Internal statistics:

num_allocs_failed_limit: 0.
num_arena_births: 52.
num_arena_deaths: 0.
num_vsnodes_births: 3.
num_vsnodes_deaths: 0.
num_space_committed: 161.
num_space_uncommitted: 0.
num_chunks_returned_to_freelist: 0.
num_chunks_taken_from_freelist: 387.
num_chunk_merges: 0.
num_chunk_splits: 264.
num_chunks_enlarged: 217.
num_purges: 0.
num_inconsistent_stats: 0.

CodeHeap 'non-profiled nmethods': size=120000Kb used=749Kb max_used=749Kb free=119250Kb
 bounds [0x0000022e07ad0000, 0x0000022e07d40000, 0x0000022e0f000000]
CodeHeap 'profiled nmethods': size=120000Kb used=3635Kb max_used=3635Kb free=116364Kb
 bounds [0x0000022e005a0000, 0x0000022e00930000, 0x0000022e07ad0000]
CodeHeap 'non-nmethods': size=5760Kb used=1225Kb max_used=1265Kb free=4534Kb
 bounds [0x0000022e00000000, 0x0000022e00270000, 0x0000022e005a0000]
 total_blobs=2260 nmethods=1812 adapters=361
 compilation: enabled
              stopped_count=0, restarted_count=0
 full_count=0

Compilation events (20 events):
Event: 13.017 Thread 0x0000022e79933430 1793       3       com.google.common.collect.ImmutableList::of (9 bytes)
Event: 13.019 Thread 0x0000022e79933430 nmethod 1793 0x0000022e00917d90 code [0x0000022e00917f80, 0x0000022e00918468]
Event: 13.019 Thread 0x0000022e79933430 1794       3       com.google.common.collect.SingletonImmutableList::<init> (13 bytes)
Event: 13.019 Thread 0x0000022e79933430 nmethod 1794 0x0000022e00918690 code [0x0000022e00918860, 0x0000022e00918ca8]
Event: 13.020 Thread 0x0000022e79933430 1795       1       com.google.inject.Key$NullAnnotationStrategy::getAnnotationType (2 bytes)
Event: 13.020 Thread 0x0000022e79933430 nmethod 1795 0x0000022e07b89f10 code [0x0000022e07b8a0a0, 0x0000022e07b8a178]
Event: 13.023 Thread 0x0000022e79933430 1796       3       com.google.inject.internal.AbstractBindingBuilder::checkNotScoped (55 bytes)
Event: 13.025 Thread 0x0000022e79933430 nmethod 1796 0x0000022e00918e90 code [0x0000022e00919080, 0x0000022e009197b8]
Event: 13.025 Thread 0x0000022e79933430 1797       3       com.google.inject.internal.Scoping::isExplicitlyScoped (13 bytes)
Event: 13.025 Thread 0x0000022e79933430 nmethod 1797 0x0000022e00919a10 code [0x0000022e00919ba0, 0x0000022e00919d18]
Event: 13.038 Thread 0x0000022e79933430 1798       3       sun.reflect.annotation.TypeAnnotationParser::buildAnnotatedType (114 bytes)
Event: 13.040 Thread 0x0000022e79933430 nmethod 1798 0x0000022e00919d90 code [0x0000022e00919fe0, 0x0000022e0091a9b8]
Event: 13.040 Thread 0x0000022e79933430 1799       3       com.google.common.collect.ImmutableList::of (4 bytes)
Event: 13.041 Thread 0x0000022e79933430 nmethod 1799 0x0000022e0091af10 code [0x0000022e0091b0a0, 0x0000022e0091b198]
Event: 13.041 Thread 0x0000022e79933430 1800       3       com.google.inject.internal.Annotations::getKey (39 bytes)
Event: 13.044 Thread 0x0000022e79933430 nmethod 1800 0x0000022e0091b210 code [0x0000022e0091b4e0, 0x0000022e0091c408]
Event: 13.044 Thread 0x0000022e79933430 1801       3       com.google.inject.internal.Errors::throwIfNewErrors (14 bytes)
Event: 13.045 Thread 0x0000022e79933430 nmethod 1801 0x0000022e0091ca90 code [0x0000022e0091cc60, 0x0000022e0091d078]
Event: 13.045 Thread 0x0000022e79933430 1802       3       com.google.inject.spi.InjectionPoint::newDependency (12 bytes)
Event: 13.046 Thread 0x0000022e79933430 nmethod 1802 0x0000022e0091d290 code [0x0000022e0091d480, 0x0000022e0091da08]

GC Heap History (4 events):
Event: 9.512 GC heap before
{Heap before GC invocations=0 (full 0):
 garbage-first heap   total 126976K, used 22528K [0x0000000085000000, 0x0000000100000000)
  region size 1024K, 23 young (23552K), 0 survivors (0K)
 Metaspace       used 4984K, committed 5120K, reserved 1056768K
  class space    used 567K, committed 640K, reserved 1048576K
}
Event: 9.535 GC heap after
{Heap after GC invocations=1 (full 0):
 garbage-first heap   total 126976K, used 3712K [0x0000000085000000, 0x0000000100000000)
  region size 1024K, 3 young (3072K), 3 survivors (3072K)
 Metaspace       used 4984K, committed 5120K, reserved 1056768K
  class space    used 567K, committed 640K, reserved 1048576K
}
Event: 11.689 GC heap before
{Heap before GC invocations=1 (full 0):
 garbage-first heap   total 126976K, used 33408K [0x0000000085000000, 0x0000000100000000)
  region size 1024K, 32 young (32768K), 3 survivors (3072K)
 Metaspace       used 7540K, committed 7680K, reserved 1064960K
  class space    used 884K, committed 960K, reserved 1048576K
}
Event: 11.705 GC heap after
{Heap after GC invocations=2 (full 0):
 garbage-first heap   total 126976K, used 4855K [0x0000000085000000, 0x0000000100000000)
  region size 1024K, 2 young (2048K), 2 survivors (2048K)
 Metaspace       used 7540K, committed 7680K, reserved 1064960K
  class space    used 884K, committed 960K, reserved 1048576K
}

Deoptimization events (20 events):
Event: 13.047 Thread 0x0000022e6a68add0 DEOPT PACKING pc=0x0000022e0072b8a9 sp=0x00000075aa8f9630
Event: 13.047 Thread 0x0000022e6a68add0 DEOPT UNPACKING pc=0x0000022e00052b43 sp=0x00000075aa8f8ae8 mode 1
Event: 13.048 Thread 0x0000022e6a68add0 DEOPT PACKING pc=0x0000022e00726bbc sp=0x00000075aa8f9750
Event: 13.048 Thread 0x0000022e6a68add0 DEOPT UNPACKING pc=0x0000022e00052b43 sp=0x00000075aa8f8b98 mode 1
Event: 13.049 Thread 0x0000022e6a68add0 DEOPT PACKING pc=0x0000022e006775ec sp=0x00000075aa8f95f0
Event: 13.049 Thread 0x0000022e6a68add0 DEOPT UNPACKING pc=0x0000022e00052b43 sp=0x00000075aa8f8a88 mode 1
Event: 13.049 Thread 0x0000022e6a68add0 DEOPT PACKING pc=0x0000022e00727aec sp=0x00000075aa8f96c0
Event: 13.049 Thread 0x0000022e6a68add0 DEOPT UNPACKING pc=0x0000022e00052b43 sp=0x00000075aa8f8ba8 mode 1
Event: 13.049 Thread 0x0000022e6a68add0 DEOPT PACKING pc=0x0000022e0072b8a9 sp=0x00000075aa8f9680
Event: 13.049 Thread 0x0000022e6a68add0 DEOPT UNPACKING pc=0x0000022e00052b43 sp=0x00000075aa8f8b38 mode 1
Event: 13.049 Thread 0x0000022e6a68add0 DEOPT PACKING pc=0x0000022e00726bbc sp=0x00000075aa8f97a0
Event: 13.049 Thread 0x0000022e6a68add0 DEOPT UNPACKING pc=0x0000022e00052b43 sp=0x00000075aa8f8be8 mode 1
Event: 13.050 Thread 0x0000022e6a68add0 DEOPT PACKING pc=0x0000022e006775ec sp=0x00000075aa8f95f0
Event: 13.050 Thread 0x0000022e6a68add0 DEOPT UNPACKING pc=0x0000022e00052b43 sp=0x00000075aa8f8a88 mode 1
Event: 13.051 Thread 0x0000022e6a68add0 DEOPT PACKING pc=0x0000022e00727aec sp=0x00000075aa8f96c0
Event: 13.051 Thread 0x0000022e6a68add0 DEOPT UNPACKING pc=0x0000022e00052b43 sp=0x00000075aa8f8ba8 mode 1
Event: 13.051 Thread 0x0000022e6a68add0 DEOPT PACKING pc=0x0000022e0072b8a9 sp=0x00000075aa8f9680
Event: 13.051 Thread 0x0000022e6a68add0 DEOPT UNPACKING pc=0x0000022e00052b43 sp=0x00000075aa8f8b38 mode 1
Event: 13.051 Thread 0x0000022e6a68add0 DEOPT PACKING pc=0x0000022e00726bbc sp=0x00000075aa8f97a0
Event: 13.051 Thread 0x0000022e6a68add0 DEOPT UNPACKING pc=0x0000022e00052b43 sp=0x00000075aa8f8be8 mode 1

Classes unloaded (0 events):
No events

Classes redefined (0 events):
No events

Internal exceptions (13 events):
Event: 2.411 Thread 0x0000022e6a68add0 Exception <a 'java/lang/NoSuchMethodError'{0x000000008c871068}: 'int java.lang.invoke.DirectMethodHandle$Holder.invokeSpecial(java.lang.Object, java.lang.Object, java.lang.Object)'> (0x000000008c871068) 
thrown [t:\workspace\open\src\hotspot\share\interpreter\linkResolver.cpp, line 766]
Event: 2.687 Thread 0x0000022e6a68add0 Exception <a 'java/lang/NullPointerException'{0x000000008c5b8808}> (0x000000008c5b8808) 
thrown [t:\workspace\open\src\hotspot\share\interpreter\linkResolver.cpp, line 1357]
Event: 7.470 Thread 0x0000022e6a68add0 Exception <a 'java/lang/NoSuchMethodError'{0x000000008c4f32a0}: 'void java.lang.invoke.DirectMethodHandle$Holder.invokeStatic(java.lang.Object, java.lang.Object)'> (0x000000008c4f32a0) 
thrown [t:\workspace\open\src\hotspot\share\interpreter\linkResolver.cpp, line 766]
Event: 7.573 Thread 0x0000022e6a68add0 Exception <a 'java/lang/NoSuchMethodError'{0x000000008c386fb0}: 'void java.lang.invoke.DirectMethodHandle$Holder.invokeStatic(java.lang.Object, java.lang.Object, java.lang.Object)'> (0x000000008c386fb0) 
thrown [t:\workspace\open\src\hotspot\share\interpreter\linkResolver.cpp, line 766]
Event: 7.609 Thread 0x0000022e6a68add0 Exception <a 'java/lang/NoSuchMethodError'{0x000000008c2015e0}: 'int java.lang.invoke.DirectMethodHandle$Holder.invokeStatic(java.lang.Object, java.lang.Object, int)'> (0x000000008c2015e0) 
thrown [t:\workspace\open\src\hotspot\share\interpreter\linkResolver.cpp, line 766]
Event: 8.905 Thread 0x0000022e6a68add0 Exception <a 'java/lang/NoSuchMethodError'{0x000000008b9b4648}: 'java.lang.Object java.lang.invoke.DirectMethodHandle$Holder.invokeStaticInit(java.lang.Object)'> (0x000000008b9b4648) 
thrown [t:\workspace\open\src\hotspot\share\interpreter\linkResolver.cpp, line 766]
Event: 8.924 Thread 0x0000022e6a68add0 Exception <a 'java/lang/NoSuchMethodError'{0x000000008b9d6c50}: 'void java.lang.invoke.DirectMethodHandle$Holder.invokeSpecial(java.lang.Object, java.lang.Object, java.lang.Object)'> (0x000000008b9d6c50) 
thrown [t:\workspace\open\src\hotspot\share\interpreter\linkResolver.cpp, line 766]
Event: 9.142 Thread 0x0000022e6a68add0 Exception <a 'java/lang/NoSuchMethodError'{0x000000008b7ace50}: 'java.lang.Object java.lang.invoke.DirectMethodHandle$Holder.invokeInterface(java.lang.Object, java.lang.Object)'> (0x000000008b7ace50) 
thrown [t:\workspace\open\src\hotspot\share\interpreter\linkResolver.cpp, line 766]
Event: 9.274 Thread 0x0000022e6a68add0 Exception <a 'java/lang/NoSuchMethodError'{0x000000008b678c70}: 'java.lang.Object java.lang.invoke.Invokers$Holder.invokeExact_MT(java.lang.Object, java.lang.Object, java.lang.Object, java.lang.Object, java.lang.Object, java.lang.Object)'> (0x000000008b678c70) 
thrown [t:\workspace\open\src\hotspot\share\interpreter\linkResolver.cpp, line 766]
Event: 9.283 Thread 0x0000022e6a68add0 Exception <a 'java/lang/NoSuchMethodError'{0x000000008b68a120}: 'int java.lang.invoke.DirectMethodHandle$Holder.invokeSpecialIFC(java.lang.Object, java.lang.Object, java.lang.Object, java.lang.Object, java.lang.Object)'> (0x000000008b68a120) 
thrown [t:\workspace\open\src\hotspot\share\interpreter\linkResolver.cpp, line 766]
Event: 9.643 Thread 0x0000022e6a68add0 Exception <a 'java/lang/NoSuchMethodError'{0x000000008cbb2678}: 'java.lang.Object java.lang.invoke.DirectMethodHandle$Holder.newInvokeSpecial(java.lang.Object, java.lang.Object, java.lang.Object, java.lang.Object, java.lang.Object)'> (0x000000008cbb2678) 
thrown [t:\workspace\open\src\hotspot\share\interpreter\linkResolver.cpp, line 766]
Event: 9.799 Thread 0x0000022e6a68add0 Exception <a 'java/lang/NoSuchMethodError'{0x000000008caec4c0}: 'int java.lang.invoke.DirectMethodHandle$Holder.invokeStaticInit(java.lang.Object, java.lang.Object)'> (0x000000008caec4c0) 
thrown [t:\workspace\open\src\hotspot\share\interpreter\linkResolver.cpp, line 766]
Event: 9.833 Thread 0x0000022e6a68add0 Exception <a 'java/lang/NoClassDefFoundError'{0x000000008c92ce50}: javax/enterprise/inject/Typed> (0x000000008c92ce50) 
thrown [t:\workspace\open\src\hotspot\share\classfile\systemDictionary.cpp, line 245]

VM Operations (20 events):
Event: 12.651 Executing VM operation: ICBufferFull
Event: 12.651 Executing VM operation: ICBufferFull done
Event: 12.653 Executing VM operation: ICBufferFull
Event: 12.653 Executing VM operation: ICBufferFull done
Event: 12.656 Executing VM operation: ICBufferFull
Event: 12.656 Executing VM operation: ICBufferFull done
Event: 12.658 Executing VM operation: ICBufferFull
Event: 12.658 Executing VM operation: ICBufferFull done
Event: 12.661 Executing VM operation: ICBufferFull
Event: 12.661 Executing VM operation: ICBufferFull done
Event: 12.664 Executing VM operation: ICBufferFull
Event: 12.664 Executing VM operation: ICBufferFull done
Event: 12.689 Executing VM operation: ICBufferFull
Event: 12.689 Executing VM operation: ICBufferFull done
Event: 12.712 Executing VM operation: ICBufferFull
Event: 12.712 Executing VM operation: ICBufferFull done
Event: 12.719 Executing VM operation: ICBufferFull
Event: 12.719 Executing VM operation: ICBufferFull done
Event: 12.736 Executing VM operation: ICBufferFull
Event: 12.736 Executing VM operation: ICBufferFull done

Events (20 events):
Event: 13.027 loading class org/codehaus/plexus/interpolation/InterpolationPostProcessor
Event: 13.028 loading class org/codehaus/plexus/interpolation/InterpolationPostProcessor done
Event: 13.029 loading class org/apache/maven/building/Problem$Severity
Event: 13.029 loading class org/apache/maven/building/Problem$Severity done
Event: 13.031 loading class org/apache/maven/toolchain/io/ToolchainsParseException
Event: 13.031 loading class org/apache/maven/toolchain/io/ToolchainsParseException done
Event: 13.033 loading class org/apache/maven/toolchain/merge/MavenToolchainMerger
Event: 13.033 loading class org/apache/maven/toolchain/merge/MavenToolchainMerger done
Event: 13.035 loading class org/apache/maven/building/ProblemCollector
Event: 13.035 loading class org/apache/maven/building/ProblemCollector done
Event: 13.042 loading class org/apache/maven/cli/internal/ExtensionResolutionException
Event: 13.042 loading class org/apache/maven/cli/internal/ExtensionResolutionException done
Event: 13.046 loading class org/apache/maven/model/profile/ProfileActivationContext
Event: 13.046 loading class org/apache/maven/model/profile/ProfileActivationContext done
Event: 13.047 loading class org/apache/maven/model/building/ModelProblemCollectorExt
Event: 13.047 loading class org/apache/maven/model/building/ModelProblemCollectorExt done
Event: 13.048 loading class org/apache/maven/model/resolution/UnresolvableModelException
Event: 13.048 loading class org/apache/maven/model/resolution/UnresolvableModelException done
Event: 13.050 loading class org/apache/maven/model/io/ModelParseException
Event: 13.050 loading class org/apache/maven/model/io/ModelParseException done


Dynamic libraries:
0x00007ff72e900000 - 0x00007ff72e90e000 	C:\Users\bilal.a\Downloads\openjdk-17_windows-x64_bin\jdk-17\bin\java.exe
0x00007ff9302f0000 - 0x00007ff930507000 	C:\Windows\SYSTEM32\ntdll.dll
0x00007ff92fad0000 - 0x00007ff92fb94000 	C:\Windows\System32\KERNEL32.DLL
0x00007ff92db00000 - 0x00007ff92deb9000 	C:\Windows\System32\KERNELBASE.dll
0x00007ff92d9e0000 - 0x00007ff92daf1000 	C:\Windows\System32\ucrtbase.dll
0x00007ff927c70000 - 0x00007ff927c8a000 	C:\Users\bilal.a\Downloads\openjdk-17_windows-x64_bin\jdk-17\bin\VCRUNTIME140.dll
0x00007ff927b70000 - 0x00007ff927b88000 	C:\Users\bilal.a\Downloads\openjdk-17_windows-x64_bin\jdk-17\bin\jli.dll
0x00007ff92e3d0000 - 0x00007ff92e57e000 	C:\Windows\System32\USER32.dll
0x00007ff92d9b0000 - 0x00007ff92d9d6000 	C:\Windows\System32\win32u.dll
0x00007ff92f960000 - 0x00007ff92f989000 	C:\Windows\System32\GDI32.dll
0x00007ff92def0000 - 0x00007ff92e00b000 	C:\Windows\System32\gdi32full.dll
0x00007ff911cf0000 - 0x00007ff911f82000 	C:\Windows\WinSxS\amd64_microsoft.windows.common-controls_6595b64144ccf1df_6.0.22621.4391_none_2715d37f73803e96\COMCTL32.dll
0x00007ff92d8a0000 - 0x00007ff92d93a000 	C:\Windows\System32\msvcp_win.dll
0x00007ff92e580000 - 0x00007ff92e627000 	C:\Windows\System32\msvcrt.dll
0x00007ff92f990000 - 0x00007ff92f9c1000 	C:\Windows\System32\IMM32.DLL
0x00007ff925c00000 - 0x00007ff925c0c000 	C:\Users\bilal.a\Downloads\openjdk-17_windows-x64_bin\jdk-17\bin\vcruntime140_1.dll
0x00007ff8ff7b0000 - 0x00007ff8ff83d000 	C:\Users\bilal.a\Downloads\openjdk-17_windows-x64_bin\jdk-17\bin\msvcp140.dll
0x00007ff87d4d0000 - 0x00007ff87e08e000 	C:\Users\bilal.a\Downloads\openjdk-17_windows-x64_bin\jdk-17\bin\server\jvm.dll
0x00007ff92e150000 - 0x00007ff92e202000 	C:\Windows\System32\ADVAPI32.dll
0x00007ff92eb20000 - 0x00007ff92ebc7000 	C:\Windows\System32\sechost.dll
0x00007ff92dec0000 - 0x00007ff92dee8000 	C:\Windows\System32\bcrypt.dll
0x00007ff92f570000 - 0x00007ff92f684000 	C:\Windows\System32\RPCRT4.dll
0x00007ff92feb0000 - 0x00007ff92feb8000 	C:\Windows\System32\PSAPI.DLL
0x00007ff9010c0000 - 0x00007ff9010c9000 	C:\Windows\SYSTEM32\WSOCK32.dll
0x00007ff92ec70000 - 0x00007ff92ece1000 	C:\Windows\System32\WS2_32.dll
0x00007ff922800000 - 0x00007ff922834000 	C:\Windows\SYSTEM32\WINMM.dll
0x00007ff9227d0000 - 0x00007ff9227da000 	C:\Windows\SYSTEM32\VERSION.dll
0x00007ff92c500000 - 0x00007ff92c518000 	C:\Windows\SYSTEM32\kernel.appcore.dll
0x00007ff925bf0000 - 0x00007ff925bfa000 	C:\Users\bilal.a\Downloads\openjdk-17_windows-x64_bin\jdk-17\bin\jimage.dll
0x00007ff92abc0000 - 0x00007ff92adf2000 	C:\Windows\SYSTEM32\DBGHELP.DLL
0x00007ff92ff20000 - 0x00007ff9302af000 	C:\Windows\System32\combase.dll
0x00007ff92e010000 - 0x00007ff92e0e7000 	C:\Windows\System32\OLEAUT32.dll
0x00007ff90f620000 - 0x00007ff90f652000 	C:\Windows\SYSTEM32\dbgcore.DLL
0x00007ff92d820000 - 0x00007ff92d89b000 	C:\Windows\System32\bcryptPrimitives.dll
0x00007ff8fec90000 - 0x00007ff8feccb000 	C:\Users\bilal.a\Downloads\openjdk-17_windows-x64_bin\jdk-17\bin\jdwp.dll
0x00007ff922740000 - 0x00007ff92274e000 	C:\Users\bilal.a\Downloads\openjdk-17_windows-x64_bin\jdk-17\bin\instrument.dll
0x00007ff912810000 - 0x00007ff912835000 	C:\Users\bilal.a\Downloads\openjdk-17_windows-x64_bin\jdk-17\bin\java.dll
0x00007ff9210a0000 - 0x00007ff9210b8000 	C:\Users\bilal.a\Downloads\openjdk-17_windows-x64_bin\jdk-17\bin\zip.dll
0x00007ff8e27e0000 - 0x00007ff8e28b6000 	C:\Users\bilal.a\Downloads\openjdk-17_windows-x64_bin\jdk-17\bin\svml.dll
0x00007ff92ecf0000 - 0x00007ff92f566000 	C:\Windows\System32\SHELL32.dll
0x00007ff92b260000 - 0x00007ff92bb63000 	C:\Windows\SYSTEM32\windows.storage.dll
0x00007ff92b0d0000 - 0x00007ff92b20f000 	C:\Windows\SYSTEM32\wintypes.dll
0x00007ff92f9d0000 - 0x00007ff92fac9000 	C:\Windows\System32\SHCORE.dll
0x00007ff92fba0000 - 0x00007ff92fbfe000 	C:\Windows\System32\shlwapi.dll
0x00007ff92d520000 - 0x00007ff92d54b000 	C:\Windows\SYSTEM32\profapi.dll
0x00007ff920710000 - 0x00007ff92071c000 	C:\Users\bilal.a\Downloads\openjdk-17_windows-x64_bin\jdk-17\bin\dt_socket.dll
0x00007ff92bd70000 - 0x00007ff92bd9d000 	C:\Windows\SYSTEM32\IPHLPAPI.DLL
0x00007ff92cab0000 - 0x00007ff92cb19000 	C:\Windows\system32\mswsock.dll
0x00007ff9206c0000 - 0x00007ff9206d9000 	C:\Users\bilal.a\Downloads\openjdk-17_windows-x64_bin\jdk-17\bin\net.dll
0x00007ff92c520000 - 0x00007ff92c656000 	C:\Windows\SYSTEM32\WINHTTP.dll
0x00007ff915180000 - 0x00007ff915195000 	C:\Users\bilal.a\Downloads\openjdk-17_windows-x64_bin\jdk-17\bin\nio.dll
0x0000000069ac0000 - 0x0000000069ae4000 	C:\Users\bilal.a\AppData\Local\Temp\jansi-2.4.0-3a7033048aaa833-jansi.dll
0x00007ff920680000 - 0x00007ff920690000 	C:\Users\bilal.a\Downloads\openjdk-17_windows-x64_bin\jdk-17\bin\verify.dll

dbghelp: loaded successfully - version: 4.0.5 - missing functions: none
symbol engine: initialized successfully - sym options: 0x614 - pdb path: .;C:\Users\bilal.a\Downloads\openjdk-17_windows-x64_bin\jdk-17\bin;C:\Windows\SYSTEM32;C:\Windows\WinSxS\amd64_microsoft.windows.common-controls_6595b64144ccf1df_6.0.22621.4391_none_2715d37f73803e96;C:\Users\bilal.a\Downloads\openjdk-17_windows-x64_bin\jdk-17\bin\server;C:\Users\bilal.a\AppData\Local\Temp

VM Arguments:
jvm_args: -agentlib:jdwp=transport=dt_socket,address=127.0.0.1:50724,suspend=y,server=n -Dmaven.multiModuleProjectDirectory=C:\Users\bilal.a\Documents\jenkins\jenkinsutility -Djansi.passthrough=true -Dmaven.home=C:\Program Files\JetBrains\IntelliJ IDEA Community Edition 2023.3.5\plugins\maven\lib\maven3 -Dclassworlds.conf=C:\Program Files\JetBrains\IntelliJ IDEA Community Edition 2023.3.5\plugins\maven\lib\maven3\bin\m2.conf -Dmaven.ext.class.path=C:\Program Files\JetBrains\IntelliJ IDEA Community Edition 2023.3.5\plugins\maven\lib\maven-event-listener.jar -javaagent:C:\Users\bilal.a\AppData\Local\JetBrains\IdeaIC2023.3\captureAgent\debugger-agent.jar -Dfile.encoding=UTF-8 
java_command: org.codehaus.classworlds.Launcher -Didea.version=2023.3.5 hpi:run
java_class_path (initial): C:\Program Files\JetBrains\IntelliJ IDEA Community Edition 2023.3.5\plugins\maven\lib\maven3\boot\plexus-classworlds-2.7.0.jar;C:\Program Files\JetBrains\IntelliJ IDEA Community Edition 2023.3.5\plugins\maven\lib\maven3\boot\plexus-classworlds.license;C:\Program Files\JetBrains\IntelliJ IDEA Community Edition 2023.3.5\lib\idea_rt.jar
Launcher Type: SUN_STANDARD

[Global flags]
     intx CICompilerCount                          = 4                                         {product} {ergonomic}
     uint ConcGCThreads                            = 3                                         {product} {ergonomic}
     uint G1ConcRefinementThreads                  = 10                                        {product} {ergonomic}
   size_t G1HeapRegionSize                         = 1048576                                   {product} {ergonomic}
    uintx GCDrainStackTargetSize                   = 64                                        {product} {ergonomic}
   size_t InitialHeapSize                          = 130023424                                 {product} {ergonomic}
   size_t MarkStackSize                            = 4194304                                   {product} {ergonomic}
   size_t MaxHeapSize                              = 2063597568                                {product} {ergonomic}
   size_t MaxNewSize                               = 1237319680                                {product} {ergonomic}
   size_t MinHeapDeltaBytes                        = 1048576                                   {product} {ergonomic}
   size_t MinHeapSize                              = 8388608                                   {product} {ergonomic}
    uintx NonNMethodCodeHeapSize                   = 5839372                                {pd product} {ergonomic}
    uintx NonProfiledCodeHeapSize                  = 122909434                              {pd product} {ergonomic}
    uintx ProfiledCodeHeapSize                     = 122909434                              {pd product} {ergonomic}
    uintx ReservedCodeCacheSize                    = 251658240                              {pd product} {ergonomic}
     bool SegmentedCodeCache                       = true                                      {product} {ergonomic}
   size_t SoftMaxHeapSize                          = 2063597568                             {manageable} {ergonomic}
     bool UseCompressedClassPointers               = true                           {product lp64_product} {ergonomic}
     bool UseCompressedOops                        = true                           {product lp64_product} {ergonomic}
     bool UseG1GC                                  = true                                      {product} {ergonomic}
     bool UseLargePagesIndividualAllocation        = false                                  {pd product} {ergonomic}

Logging:
Log output configuration:
 #0: stdout all=warning uptime,level,tags
 #1: stderr all=off uptime,level,tags

Environment Variables:
PATH=C:\Python312\Scripts\;C:\Python312\;C:\Windows\system32;C:\Windows;C:\Windows\System32\Wbem;C:\Windows\System32\WindowsPowerShell\v1.0\;C:\Windows\System32\OpenSSH\;C:\ProgramData\chocolatey\bin;C:\Users\bilal.a\Downloads\openjdk-17_windows-x64_bin\jdk-17\bin;C:\Users\bilal.a\Downloads\vcruntime140.dll (64-Bit)\vcruntime140.dll;C:\Program Files\PuTTY\;C:\Program Files\Docker\Docker\resources\bin;C:\Program Files\nodejs\;C:\Users\bilal.a\apache-maven-3.9.9\bin;C:\Python312\Scripts\;C:\Python312\;C:\Windows\system32;C:\Windows;C:\Windows\System32\Wbem;C:\Windows\System32\WindowsPowerShell\v1.0\;C:\Windows\System32\OpenSSH\;C:\ProgramData\chocolatey\bin;C:\Users\bilal.a\Downloads\openjdk-17_windows-x64_bin\jdk-17\bin;C:\Users\bilal.a\Downloads\vcruntime140.dll (64-Bit)\vcruntime140.dll;C:\Program Files\PuTTY\;C:\Program Files\Docker\Docker\resources\bin;C:\Users\bilal.a\AppData\Local\anaconda3;C:\Users\bilal.a\AppData\Local\anaconda3\Library\mingw-w64\bin;C:\Users\bilal.a\AppData\Local\anaconda3\Library\usr\bin;C:\Users\bilal.a\AppData\Local\anaconda3\Library\bin;C:\Users\bilal.a\AppData\Local\anaconda3\Scripts;C:\Users\bilal.a\AppData\Local\Microsoft\WindowsApps;C:\Users\bilal.a\AppData\Local\Programs\Microsoft VS Code\bin;C:\Users\bilal.a\AppData\Local\Programs\Git\cmd;C:\Users\bilal.a\AppData\Roaming\npm
USERNAME=bilal.a
OS=Windows_NT
PROCESSOR_IDENTIFIER=Intel64 Family 6 Model 154 Stepping 4, GenuineIntel



---------------  S Y S T E M  ---------------

OS:
 Windows 10 , 64 bit Build 22621 (10.0.22621.4391)
OS uptime: 0 days 18:42 hours
Hyper-V role detected

CPU: total 12 (initial active 12) (6 cores per cpu, 2 threads per core) family 6 model 154 stepping 4 microcode 0x432, cx8, cmov, fxsr, ht, mmx, 3dnowpref, sse, sse2, sse3, ssse3, sse4.1, sse4.2, popcnt, lzcnt, tsc, tscinvbit, avx, avx2, aes, erms, clmul, bmi1, bmi2, adx, sha, fma, vzeroupper, clflush, clflushopt, clwb, hv

Memory: 4k page, system-wide physical 7867M (172M free)
TotalPageFile size 32443M (AvailPageFile size 0M)
current process WorkingSet (physical memory assigned to process): 104M, peak: 104M
current process commit charge ("private bytes"): 240M, peak: 241M

vm_info: OpenJDK 64-Bit Server VM (17+35-2724) for windows-amd64 JRE (17+35-2724), built on Aug  5 2021 23:26:02 by "mach5one" with MS VC++ 16.8 (VS2019)

END.
